<?xml version="1.0" encoding="UTF-8"?>
<!-- Generated by org.testng.reporters.JUnitXMLReporter -->
<testsuite ignored="0" hostname="smitas-MacBook-Air.local" failures="1" tests="1" name="TestA2" time="62.257" errors="0" timestamp="21 Jan 2019 12:05:28 GMT">
  <testcase classname="comcarousellTestcases.VerifyCarousellHome" name="verifyHomePage" time="62.215">
    <failure type="org.openqa.selenium.NoSuchElementException" message="An element could not be located on the page using the given search parameters.
For documentation on this error, please visit: https://www.seleniumhq.org/exceptions/no_such_element.html
Build info: version: &amp;apos;3.141.59&amp;apos;, revision: &amp;apos;e82be7d358&amp;apos;, time: &amp;apos;2018-11-14T08:25:48&amp;apos;
System info: host: &amp;apos;smitas-MacBook-Air.local&amp;apos;, ip: &amp;apos;fe80:0:0:0:1411:67f0:acb7:cbcf%en0&amp;apos;, os.name: &amp;apos;Mac OS X&amp;apos;, os.arch: &amp;apos;x86_64&amp;apos;, os.version: &amp;apos;10.13.6&amp;apos;, java.version: &amp;apos;10.0.1&amp;apos;
Driver info: io.appium.java_client.android.AndroidDriver
Capabilities {appActivity: com.thecarousell.Carousell...., appPackage: com.thecarousell.Carousell, databaseEnabled: false, desired: {appActivity: com.thecarousell.Carousell...., appPackage: com.thecarousell.Carousell, deviceName: Nexus6API, platformName: android, skipUnlock: true}, deviceManufacturer: Google, deviceModel: Android SDK built for x86, deviceName: emulator-5554, deviceScreenSize: 1080x1920, deviceUDID: emulator-5554, javascriptEnabled: true, locationContextEnabled: false, networkConnectionEnabled: true, platform: LINUX, platformName: Android, platformVersion: 7.1.1, skipUnlock: true, takesScreenshot: true, warnings: {}, webStorageEnabled: false}
Session ID: 94bee181-bbc8-44bd-87c7-955aa43a71f3
*** Element info: {Using=id, value=com.thecarousell.Carousell:id/toolbar_search}">
      <![CDATA[org.openqa.selenium.NoSuchElementException: An element could not be located on the page using the given search parameters.
For documentation on this error, please visit: https://www.seleniumhq.org/exceptions/no_such_element.html
Build info: version: '3.141.59', revision: 'e82be7d358', time: '2018-11-14T08:25:48'
System info: host: 'smitas-MacBook-Air.local', ip: 'fe80:0:0:0:1411:67f0:acb7:cbcf%en0', os.name: 'Mac OS X', os.arch: 'x86_64', os.version: '10.13.6', java.version: '10.0.1'
Driver info: io.appium.java_client.android.AndroidDriver
Capabilities {appActivity: com.thecarousell.Carousell...., appPackage: com.thecarousell.Carousell, databaseEnabled: false, desired: {appActivity: com.thecarousell.Carousell...., appPackage: com.thecarousell.Carousell, deviceName: Nexus6API, platformName: android, skipUnlock: true}, deviceManufacturer: Google, deviceModel: Android SDK built for x86, deviceName: emulator-5554, deviceScreenSize: 1080x1920, deviceUDID: emulator-5554, javascriptEnabled: true, locationContextEnabled: false, networkConnectionEnabled: true, platform: LINUX, platformName: Android, platformVersion: 7.1.1, skipUnlock: true, takesScreenshot: true, warnings: {}, webStorageEnabled: false}
Session ID: 94bee181-bbc8-44bd-87c7-955aa43a71f3
*** Element info: {Using=id, value=com.thecarousell.Carousell:id/toolbar_search}
at org.openqa.selenium.remote.http.W3CHttpResponseCodec.createException(W3CHttpResponseCodec.java:187)
at org.openqa.selenium.remote.http.W3CHttpResponseCodec.decode(W3CHttpResponseCodec.java:122)
at org.openqa.selenium.remote.http.W3CHttpResponseCodec.decode(W3CHttpResponseCodec.java:49)
at org.openqa.selenium.remote.HttpCommandExecutor.execute(HttpCommandExecutor.java:158)
at io.appium.java_client.remote.AppiumCommandExecutor.execute(AppiumCommandExecutor.java:239)
at org.openqa.selenium.remote.RemoteWebDriver.execute(RemoteWebDriver.java:552)
at io.appium.java_client.DefaultGenericMobileDriver.execute(DefaultGenericMobileDriver.java:42)
at io.appium.java_client.AppiumDriver.execute(AppiumDriver.java:1)
at io.appium.java_client.android.AndroidDriver.execute(AndroidDriver.java:1)
at org.openqa.selenium.remote.RemoteWebDriver.findElement(RemoteWebDriver.java:323)
at io.appium.java_client.DefaultGenericMobileDriver.findElement(DefaultGenericMobileDriver.java:62)
at io.appium.java_client.AppiumDriver.findElement(AppiumDriver.java:1)
at io.appium.java_client.android.AndroidDriver.findElement(AndroidDriver.java:1)
at org.openqa.selenium.remote.RemoteWebDriver.findElementById(RemoteWebDriver.java:372)
at io.appium.java_client.DefaultGenericMobileDriver.findElementById(DefaultGenericMobileDriver.java:70)
at io.appium.java_client.AppiumDriver.findElementById(AppiumDriver.java:1)
at io.appium.java_client.android.AndroidDriver.findElementById(AndroidDriver.java:1)
at comcarousellPages.CarousellHomePage.scrollDown(CarousellHomePage.java:59)
at comcarousellTestcases.VerifyCarousellHome.verifyHomePage(VerifyCarousellHome.java:30)
... Removed 29 stack frames]]>
    </failure>
  </testcase> <!-- verifyHomePage -->
</testsuite> <!-- TestA2 -->
